\BOOKMARK [1][-]{section.1}{Joint Undergraduate and Graduate Course}{}% 1
\BOOKMARK [2][-]{subsection.1.1}{DSCI353 and DSCI353M}{section.1}% 2
\BOOKMARK [2][-]{subsection.1.2}{DSCI453}{section.1}% 3
\BOOKMARK [1][-]{section.2}{Course Description}{}% 4
\BOOKMARK [2][-]{subsection.2.1}{Class Repository Folder Structure}{section.2}% 5
\BOOKMARK [2][-]{subsection.2.2}{License applied to course materials and some datasets used for data analysis}{section.2}% 6
\BOOKMARK [2][-]{subsection.2.3}{Outcomes}{section.2}% 7
\BOOKMARK [2][-]{subsection.2.4}{DSCI353-353M Prerequisites}{section.2}% 8
\BOOKMARK [1][-]{section.3}{Homework, Project, Report-Presentation Grading}{}% 9
\BOOKMARK [1][-]{section.4}{Textbooks and Readings}{}% 10
\BOOKMARK [2][-]{subsection.4.1}{Background Data Science books from DSCI351}{section.4}% 11
\BOOKMARK [2][-]{subsection.4.2}{DSCI353-353M-453 Textbooks}{section.4}% 12
\BOOKMARK [1][-]{section.5}{DSCI353-353M-453 Syllabus: Weekly Topics}{}% 13
\BOOKMARK [1][-]{section.6}{Contact Information}{}% 14
\BOOKMARK [1][-]{section.7}{Course Mechanics}{}% 15
\BOOKMARK [2][-]{subsection.7.1}{Lectures}{section.7}% 16
\BOOKMARK [2][-]{subsection.7.2}{DSCI Class Slack Channel}{section.7}% 17
\BOOKMARK [2][-]{subsection.7.3}{Office Hours and Consultations}{section.7}% 18
\BOOKMARK [2][-]{subsection.7.4}{Homework / Lab Exercise Assignments}{section.7}% 19
\BOOKMARK [2][-]{subsection.7.5}{Extra Credit DSCI353-353M Data-science Semester Project Report}{section.7}% 20
\BOOKMARK [3][-]{subsubsection.7.5.1}{Abstract}{subsection.7.5}% 21
\BOOKMARK [3][-]{subsubsection.7.5.2}{Introduction}{subsection.7.5}% 22
\BOOKMARK [3][-]{subsubsection.7.5.3}{Data Science Methods}{subsection.7.5}% 23
\BOOKMARK [3][-]{subsubsection.7.5.4}{Exploratory Data Analysis}{subsection.7.5}% 24
\BOOKMARK [3][-]{subsubsection.7.5.5}{Statistical Learning: Modeling \046 Prediction}{subsection.7.5}% 25
\BOOKMARK [3][-]{subsubsection.7.5.6}{Discussion}{subsection.7.5}% 26
\BOOKMARK [3][-]{subsubsection.7.5.7}{Conclusions}{subsection.7.5}% 27
\BOOKMARK [3][-]{subsubsection.7.5.8}{Acknowledgments}{subsection.7.5}% 28
\BOOKMARK [3][-]{subsubsection.7.5.9}{References}{subsection.7.5}% 29
\BOOKMARK [3][-]{subsubsection.7.5.10}{How to make your report}{subsection.7.5}% 30
\BOOKMARK [1][-]{section.8}{Coding and Data Science Tools and Resources}{}% 31
\BOOKMARK [1][-]{section.9}{Policies}{}% 32
\BOOKMARK [2][-]{subsection.9.1}{Attendance}{section.9}% 33
\BOOKMARK [2][-]{subsection.9.2}{Readings}{section.9}% 34
\BOOKMARK [2][-]{subsection.9.3}{Homework Assignments}{section.9}% 35
\BOOKMARK [2][-]{subsection.9.4}{Collaboration and Citation}{section.9}% 36
\BOOKMARK [2][-]{subsection.9.5}{Academic Integrity Policy}{section.9}% 37
\BOOKMARK [2][-]{subsection.9.6}{Disability Resources}{section.9}% 38
\BOOKMARK [1][-]{section.10}{Copyleft, References, Citations \046 Rubrics}{}% 39
\BOOKMARK [2][-]{subsection.10.1}{CopyLeft}{section.10}% 40
\BOOKMARK [2][-]{subsection.10.2}{Software Licenses}{section.10}% 41
\BOOKMARK [2][-]{subsection.10.3}{Scoring Rubric for Oral Presentation}{section.10}% 42
\BOOKMARK [3][-]{subsubsection.10.3.1}{Scientific/Technical Content \(25 points\), And Data Science Content \(25 points\)}{subsection.10.3}% 43
\BOOKMARK [3][-]{subsubsection.10.3.2}{Coding Elements \046 Style, .R, .Rmd \(25 points\)}{subsection.10.3}% 44
\BOOKMARK [3][-]{subsubsection.10.3.3}{Presentation Quality, Clarity, Style \(25 pts\)}{subsection.10.3}% 45
\BOOKMARK [3][-]{subsubsection.10.3.4}{General Comments}{subsection.10.3}% 46
\BOOKMARK [1][-]{section.11}{Setting up your R data science computer}{}% 47
\BOOKMARK [2][-]{subsection.11.1}{For Windows}{section.11}% 48
\BOOKMARK [3][-]{subsubsection.11.1.1}{LaTeX}{subsection.11.1}% 49
\BOOKMARK [3][-]{subsubsection.11.1.2}{Git}{subsection.11.1}% 50
\BOOKMARK [3][-]{subsubsection.11.1.3}{R}{subsection.11.1}% 51
\BOOKMARK [3][-]{subsubsection.11.1.4}{GVim}{subsection.11.1}% 52
\BOOKMARK [2][-]{subsection.11.2}{For Linux}{section.11}% 53
\BOOKMARK [3][-]{subsubsection.11.2.1}{LaTeX}{subsection.11.2}% 54
\BOOKMARK [3][-]{subsubsection.11.2.2}{Git}{subsection.11.2}% 55
\BOOKMARK [3][-]{subsubsection.11.2.3}{R}{subsection.11.2}% 56
\BOOKMARK [2][-]{subsection.11.3}{For Mac}{section.11}% 57
\BOOKMARK [3][-]{subsubsection.11.3.1}{Homebrew}{subsection.11.3}% 58
\BOOKMARK [3][-]{subsubsection.11.3.2}{XQuartz}{subsection.11.3}% 59
\BOOKMARK [3][-]{subsubsection.11.3.3}{LaTeX}{subsection.11.3}% 60
\BOOKMARK [3][-]{subsubsection.11.3.4}{Git}{subsection.11.3}% 61
\BOOKMARK [3][-]{subsubsection.11.3.5}{R}{subsection.11.3}% 62
\BOOKMARK [1][-]{section*.30}{References}{}% 63
